SF:lib\core\services\api_key_service.dart
DA:13,2
DA:14,2
DA:17,1
DA:20,2
DA:23,0
DA:27,3
DA:28,3
DA:30,1
DA:33,1
DA:39,0
DA:42,0
DA:48,1
DA:51,1
DA:52,0
DA:57,0
DA:58,0
DA:60,0
DA:65,0
DA:67,2
DA:68,1
DA:74,1
DA:77,1
DA:78,0
DA:83,0
DA:84,0
DA:86,0
DA:91,0
DA:93,2
DA:94,1
DA:99,0
DA:101,0
DA:104,0
DA:109,0
DA:111,0
DA:114,0
DA:119,0
DA:121,0
DA:122,0
DA:124,0
LF:39
LH:16
end_of_record
SF:lib\core\constants\app_constants.dart
DA:11,0
DA:12,0
DA:13,0
LF:3
LH:0
end_of_record
SF:lib\core\di\injection.dart
DA:44,12
DA:45,8
DA:46,4
DA:50,3
DA:51,6
DA:54,4
DA:55,8
DA:57,2
DA:58,2
DA:65,12
DA:67,3
DA:69,9
DA:72,9
DA:75,9
DA:78,9
DA:79,9
DA:82,6
DA:83,9
DA:85,9
DA:88,6
DA:89,9
DA:91,9
DA:94,6
DA:95,3
DA:96,6
DA:97,6
DA:98,6
DA:102,6
DA:103,3
DA:104,6
DA:105,6
DA:106,6
DA:111,6
DA:112,9
DA:114,6
DA:115,9
DA:117,6
DA:118,9
DA:120,6
DA:121,9
DA:123,6
DA:124,9
DA:127,6
DA:128,9
DA:130,6
DA:131,9
DA:133,6
DA:134,9
DA:136,6
DA:137,9
DA:140,6
DA:141,9
DA:143,6
DA:144,9
DA:146,6
DA:147,9
DA:149,6
DA:150,9
DA:152,6
DA:153,9
DA:157,6
DA:158,3
DA:159,6
DA:160,6
DA:161,6
DA:166,6
DA:167,9
DA:169,6
DA:170,9
DA:174,6
DA:175,3
DA:176,6
DA:177,6
DA:178,6
DA:179,6
DA:180,6
DA:181,6
DA:182,6
DA:183,6
DA:184,6
DA:188,6
DA:189,3
DA:190,6
DA:191,6
DA:192,6
DA:193,6
DA:194,6
DA:198,6
DA:199,3
DA:200,6
DA:201,6
DA:202,6
LF:92
LH:92
end_of_record
SF:lib\features\weather\presentation\bloc\weather_state.dart
DA:14,0
DA:24,0
DA:32,0
DA:38,0
DA:46,0
DA:52,0
DA:60,0
DA:66,0
LF:8
LH:0
end_of_record
SF:lib\features\weather\presentation\bloc\weather_event.dart
DA:10,0
DA:18,0
DA:24,0
DA:32,0
LF:4
LH:0
end_of_record
SF:lib\features\weather\presentation\bloc\weather_bloc.dart
DA:30,3
DA:43,2
DA:50,0
DA:51,0
DA:52,0
DA:53,0
DA:56,0
DA:58,0
DA:59,0
DA:62,0
DA:67,0
DA:70,0
DA:75,0
DA:77,0
DA:81,0
DA:86,0
DA:90,0
DA:91,0
DA:94,0
DA:95,0
DA:96,0
DA:97,0
DA:103,0
DA:104,0
DA:105,0
DA:107,0
DA:108,0
DA:112,0
DA:114,0
DA:118,0
DA:122,0
DA:123,0
DA:126,0
DA:127,0
DA:129,0
DA:133,0
DA:134,0
DA:137,0
DA:138,0
DA:140,0
DA:144,0
DA:146,0
DA:147,0
DA:149,0
DA:154,0
DA:158,0
DA:162,0
DA:168,0
DA:169,0
DA:170,0
DA:173,0
DA:174,0
DA:175,0
DA:178,0
DA:179,0
DA:181,0
DA:182,0
DA:186,0
DA:191,0
DA:192,0
DA:196,0
DA:197,0
DA:198,0
DA:202,0
DA:203,0
DA:204,0
DA:207,0
DA:208,0
DA:209,0
DA:210,0
DA:211,0
DA:212,0
DA:213,0
DA:214,0
DA:215,0
DA:216,0
DA:217,0
DA:218,0
DA:219,0
DA:220,0
DA:221,0
DA:222,0
DA:224,0
DA:225,0
DA:226,0
DA:230,0
DA:231,0
DA:232,0
DA:235,0
DA:236,0
DA:238,0
DA:239,0
DA:243,0
LF:93
LH:2
end_of_record
SF:lib\features\news\presentation\bloc\news_bloc.dart
DA:19,3
DA:28,2
DA:32,0
DA:33,0
DA:34,0
DA:35,0
DA:38,0
DA:40,0
DA:41,0
DA:44,0
DA:50,0
DA:54,0
DA:62,0
DA:63,0
DA:64,0
DA:68,0
DA:70,0
DA:74,0
DA:75,0
DA:78,0
DA:79,0
DA:81,0
DA:85,0
DA:86,0
DA:89,0
DA:90,0
DA:92,0
DA:96,0
DA:98,0
DA:99,0
DA:101,0
DA:105,0
DA:106,0
DA:109,0
DA:110,0
DA:112,0
LF:36
LH:2
end_of_record
SF:lib\features\news\presentation\bloc\news_event.dart
DA:11,0
DA:17,0
DA:23,0
DA:29,0
LF:4
LH:0
end_of_record
SF:lib\features\news\presentation\bloc\news_state.dart
DA:12,0
DA:18,0
LF:2
LH:0
end_of_record
SF:lib\core\network\network_info.dart
DA:6,2
LF:1
LH:1
end_of_record
SF:lib\core\network\dio_client.dart
DA:8,4
DA:9,8
DA:10,4
DA:14,4
DA:22,16
DA:23,20
DA:26,2
DA:29,1
DA:30,1
DA:34,2
DA:35,2
DA:41,1
DA:44,4
DA:45,1
DA:46,0
DA:48,2
DA:49,3
DA:52,1
DA:55,1
DA:58,1
DA:59,4
DA:61,3
DA:63,2
DA:64,2
DA:65,3
DA:67,0
DA:71,1
DA:74,0
DA:77,0
DA:78,0
DA:79,0
DA:80,0
DA:81,0
DA:84,0
DA:95,4
DA:97,0
DA:99,0
DA:100,0
DA:103,0
DA:105,0
DA:106,0
DA:109,0
DA:110,0
DA:115,0
DA:119,0
DA:120,0
DA:121,0
DA:122,0
DA:123,0
DA:124,0
DA:125,0
DA:126,0
DA:128,0
DA:130,0
DA:135,0
DA:141,0
DA:144,0
DA:146,0
DA:147,0
DA:148,0
DA:149,0
DA:150,0
LF:62
LH:26
end_of_record
SF:lib\features\weather\data\datasources\weather_remote_data_source.dart
DA:37,3
DA:39,0
DA:46,0
DA:52,0
DA:54,0
DA:55,0
DA:62,0
DA:63,0
DA:68,0
DA:69,0
DA:71,0
DA:72,0
DA:75,0
DA:76,0
DA:77,0
DA:78,0
DA:81,0
DA:84,0
DA:87,0
DA:91,0
DA:98,0
DA:104,0
DA:106,0
DA:107,0
DA:114,0
DA:115,0
DA:120,0
DA:121,0
DA:122,0
DA:124,0
DA:125,0
DA:127,0
DA:128,0
DA:131,0
DA:132,0
DA:133,0
DA:134,0
DA:137,0
DA:140,0
DA:143,0
DA:147,0
DA:150,0
DA:151,0
DA:153,0
DA:162,0
DA:163,0
DA:164,0
DA:166,0
DA:167,0
DA:169,0
DA:170,0
DA:173,0
DA:174,0
DA:175,0
DA:176,0
DA:179,0
DA:182,0
DA:185,0
DA:189,0
DA:198,0
DA:204,0
DA:205,0
DA:206,0
DA:208,0
DA:209,0
DA:214,0
DA:215,0
DA:216,0
DA:219,0
DA:220,0
DA:223,0
DA:224,0
DA:225,0
DA:226,0
DA:229,0
DA:232,0
DA:235,0
LF:77
LH:1
end_of_record
SF:lib\features\weather\data\datasources\weather_local_data_source.dart
DA:22,0
DA:24,0
DA:27,0
DA:29,0
DA:32,0
DA:34,0
DA:37,0
DA:39,0
DA:40,0
DA:42,0
DA:46,0
DA:48,0
DA:49,0
DA:53,0
DA:55,0
DA:58,0
DA:60,0
LF:17
LH:0
end_of_record
SF:lib\features\weather\data\repositories\weather_repository_impl.dart
DA:18,3
DA:24,0
DA:30,0
DA:32,0
DA:37,0
DA:41,0
DA:48,0
DA:56,0
DA:62,0
DA:64,0
DA:71,0
DA:72,0
DA:73,0
DA:75,0
DA:76,0
DA:77,0
DA:78,0
DA:79,0
DA:80,0
DA:86,0
DA:88,0
DA:95,0
DA:97,0
DA:99,0
DA:102,0
DA:109,0
DA:112,0
DA:115,0
DA:119,0
DA:122,0
DA:123,0
DA:124,0
DA:125,0
DA:126,0
DA:127,0
DA:128,0
DA:129,0
DA:133,0
DA:137,0
DA:140,0
DA:141,0
DA:142,0
DA:143,0
DA:144,0
DA:145,0
DA:146,0
DA:147,0
DA:151,0
DA:155,0
DA:158,0
DA:160,0
DA:164,0
DA:167,0
DA:168,0
DA:169,0
DA:170,0
DA:171,0
DA:172,0
DA:173,0
DA:174,0
DA:178,0
DA:182,0
DA:187,0
DA:189,0
DA:195,0
DA:197,0
DA:204,0
DA:209,0
DA:211,0
DA:217,0
DA:219,0
DA:226,0
DA:231,0
DA:233,0
DA:239,0
DA:241,0
DA:248,0
DA:253,0
DA:255,0
DA:263,0
LF:80
LH:1
end_of_record
SF:lib\features\weather\domain\usecases\get_current_weather.dart
DA:8,3
DA:10,0
DA:16,0
DA:22,0
LF:4
LH:1
end_of_record
SF:lib\features\weather\domain\usecases\get_weather_forecast.dart
DA:8,3
DA:10,0
DA:16,0
DA:22,0
LF:4
LH:1
end_of_record
SF:lib\features\weather\domain\usecases\search_cities.dart
DA:8,3
DA:10,0
DA:11,0
DA:12,0
DA:16,0
DA:18,0
LF:6
LH:1
end_of_record
SF:lib\features\weather\domain\usecases\get_current_location.dart
DA:8,3
DA:10,0
DA:12,0
DA:14,0
DA:18,0
LF:5
LH:1
end_of_record
SF:lib\features\weather\domain\usecases\save_city.dart
DA:8,3
DA:10,0
DA:12,0
DA:14,0
LF:4
LH:1
end_of_record
SF:lib\features\weather\domain\usecases\get_one_call_weather.dart
DA:9,3
DA:11,0
DA:15,0
DA:25,3
DA:27,0
DA:31,0
DA:41,3
DA:43,0
DA:47,0
LF:9
LH:3
end_of_record
SF:lib\features\weather\domain\usecases\get_one_call_raw_data.dart
DA:7,3
DA:9,0
DA:13,0
LF:3
LH:1
end_of_record
SF:lib\features\news\data\datasources\news_remote_data_source.dart
DA:29,3
DA:31,1
DA:39,1
DA:44,1
DA:45,1
DA:46,0
DA:47,0
DA:49,2
DA:50,1
DA:55,2
DA:56,1
DA:57,1
DA:59,3
DA:60,1
DA:62,0
DA:63,0
DA:66,0
DA:67,0
DA:68,0
DA:69,0
DA:72,0
DA:75,0
DA:78,0
DA:82,0
DA:93,0
DA:98,0
DA:99,0
DA:100,0
DA:101,0
DA:102,0
DA:103,0
DA:104,0
DA:106,0
DA:107,0
DA:112,0
DA:113,0
DA:114,0
DA:116,0
DA:117,0
DA:119,0
DA:121,0
DA:122,0
DA:123,0
DA:124,0
DA:127,0
DA:130,0
DA:133,0
LF:47
LH:12
end_of_record
SF:lib\features\news\data\datasources\news_local_data_source.dart
DA:14,1
DA:16,2
DA:19,0
DA:21,0
DA:22,0
DA:26,0
DA:28,0
DA:31,0
DA:33,0
LF:9
LH:2
end_of_record
SF:lib\features\news\data\repositories\news_repository_impl.dart
DA:13,3
DA:19,1
DA:26,2
DA:28,2
DA:36,0
DA:43,0
DA:53,0
DA:55,0
DA:66,0
DA:73,1
DA:75,1
DA:78,0
DA:80,0
DA:83,1
DA:86,2
DA:88,0
DA:92,0
DA:95,0
DA:97,0
DA:101,0
DA:104,0
DA:106,0
DA:110,0
DA:113,0
DA:115,0
LF:25
LH:8
end_of_record
SF:lib\features\news\domain\usecases\get_top_headlines.dart
DA:8,3
DA:10,1
DA:17,2
DA:24,0
LF:4
LH:3
end_of_record
SF:lib\features\news\domain\usecases\get_articles_by_category.dart
DA:8,3
DA:10,1
DA:11,1
DA:12,0
DA:16,2
DA:18,0
LF:6
LH:4
end_of_record
SF:lib\features\news\domain\usecases\search_articles.dart
DA:8,3
DA:10,1
DA:11,1
DA:12,1
DA:16,0
DA:18,0
LF:6
LH:4
end_of_record
SF:lib\features\news\domain\usecases\save_article.dart
DA:8,3
DA:10,0
DA:12,0
DA:14,0
LF:4
LH:1
end_of_record
SF:lib\features\news\domain\usecases\get_saved_articles.dart
DA:8,3
DA:10,1
DA:12,2
DA:14,0
LF:4
LH:3
end_of_record
SF:lib\features\auth\data\datasources\auth_remote_data_source.dart
DA:14,3
DA:15,1
DA:21,1
DA:30,3
DA:32,1
DA:35,1
DA:37,2
DA:38,1
DA:41,2
DA:42,2
DA:43,0
DA:46,1
DA:49,2
DA:52,0
DA:55,1
DA:58,1
DA:63,1
DA:66,1
DA:68,2
DA:69,0
DA:72,3
DA:73,3
DA:81,3
DA:83,1
DA:86,0
DA:89,0
DA:91,0
DA:93,0
DA:100,0
DA:103,0
DA:106,0
LF:31
LH:21
end_of_record
SF:lib\features\auth\data\datasources\auth_local_data_source.dart
DA:15,1
DA:17,1
DA:18,0
DA:19,0
DA:20,0
DA:21,0
DA:22,0
DA:23,0
DA:25,0
DA:28,1
DA:30,1
DA:31,0
DA:34,0
DA:35,0
DA:38,0
DA:41,0
DA:42,0
DA:43,0
DA:44,0
DA:45,0
DA:50,0
DA:51,0
DA:52,0
DA:53,0
DA:54,0
DA:61,0
DA:63,0
DA:64,0
LF:28
LH:4
end_of_record
SF:lib\features\auth\data\repositories\auth_repository_impl.dart
DA:14,3
DA:20,1
DA:22,2
DA:24,2
DA:25,2
DA:28,2
DA:32,0
DA:33,0
DA:40,1
DA:42,2
DA:44,2
DA:45,2
DA:48,2
DA:57,0
DA:59,0
DA:62,0
DA:64,0
DA:67,1
DA:69,2
DA:73,0
DA:75,0
DA:77,0
DA:80,0
DA:82,0
DA:84,0
DA:85,0
DA:87,0
DA:91,0
DA:92,0
DA:97,0
DA:99,0
DA:104,0
DA:106,0
DA:108,0
DA:109,0
DA:113,0
DA:117,0
LF:37
LH:13
end_of_record
SF:lib\features\auth\domain\usecases\login_user.dart
DA:8,3
DA:10,1
DA:12,2
DA:14,2
LF:4
LH:4
end_of_record
SF:lib\features\auth\domain\usecases\register_user.dart
DA:8,3
DA:10,1
DA:12,2
DA:14,2
LF:4
LH:4
end_of_record
SF:lib\features\auth\presentation\bloc\auth_bloc.dart
DA:14,3
DA:21,2
DA:23,1
DA:24,1
DA:25,1
DA:28,1
DA:29,2
DA:31,2
DA:33,0
DA:34,0
DA:36,0
DA:39,3
DA:43,1
DA:44,2
DA:47,2
DA:48,0
DA:51,0
DA:54,3
DA:58,1
DA:59,2
DA:62,2
DA:63,0
DA:66,0
DA:69,3
DA:73,0
DA:75,0
DA:76,0
DA:78,0
LF:28
LH:17
end_of_record
SF:lib\features\auth\presentation\bloc\auth_state.dart
DA:12,0
DA:20,1
LF:2
LH:1
end_of_record
SF:lib\core\error\exceptions.dart
DA:3,0
DA:8,0
DA:13,0
DA:18,0
DA:23,0
DA:28,8
LF:6
LH:1
end_of_record
SF:lib\core\error\failures.dart
DA:4,27
DA:8,2
DA:12,0
DA:16,25
DA:20,0
DA:24,1
DA:28,2
LF:7
LH:5
end_of_record
SF:lib\features\auth\domain\entities\user.dart
DA:10,1
DA:18,0
DA:25,0
DA:26,0
DA:27,0
DA:28,0
DA:29,0
DA:30,0
DA:34,0
DA:37,0
DA:38,0
DA:39,0
DA:40,0
DA:42,0
DA:43,0
LF:15
LH:1
end_of_record
SF:lib\features\auth\domain\entities\user_settings.dart
DA:8,33
DA:14,0
DA:19,0
DA:20,0
DA:21,0
DA:22,0
DA:26,1
DA:27,1
DA:28,1
DA:29,1
DA:30,1
DA:34,0
DA:35,0
DA:36,0
DA:37,0
DA:39,0
DA:40,0
DA:41,0
LF:18
LH:6
end_of_record
SF:lib\features\weather\domain\entities\ukraine_city.dart
DA:8,0
DA:16,0
DA:17,0
DA:19,0
DA:22,0
DA:23,0
DA:24,0
DA:25,0
DA:27,0
DA:28,0
DA:30,0
DA:31,0
DA:32,0
DA:33,0
DA:34,0
DA:35,0
DA:36,0
DA:40,0
DA:41,0
DA:42,0
DA:43,0
DA:44,0
DA:45,0
DA:46,0
LF:24
LH:0
end_of_record
SF:lib\features\news\data\models\article_model.dart
DA:4,2
DA:17,2
DA:20,2
DA:21,4
DA:22,4
DA:23,2
DA:24,1
DA:31,4
DA:33,1
DA:36,2
DA:37,2
DA:38,2
DA:39,2
DA:40,2
DA:41,2
DA:42,2
DA:45,2
DA:46,2
DA:50,0
DA:51,0
DA:52,0
DA:53,0
DA:54,0
DA:55,0
DA:56,0
DA:57,0
DA:58,0
DA:59,0
DA:60,0
DA:61,0
LF:30
LH:18
end_of_record
SF:lib\features\news\domain\entities\article.dart
DA:2,2
LF:1
LH:1
end_of_record
SF:lib\features\weather\data\models\weather_model.dart
DA:4,0
DA:26,0
DA:27,0
DA:28,0
DA:29,0
DA:30,0
DA:31,0
DA:33,0
DA:34,0
DA:35,0
DA:36,0
DA:37,0
DA:38,0
DA:39,0
DA:40,0
DA:41,0
DA:42,0
DA:43,0
DA:44,0
DA:45,0
DA:46,0
DA:47,0
DA:48,0
DA:49,0
DA:50,0
DA:51,0
DA:52,0
DA:56,0
DA:57,0
DA:58,0
DA:59,0
DA:60,0
DA:61,0
DA:62,0
DA:63,0
DA:64,0
DA:65,0
DA:66,0
DA:67,0
DA:68,0
DA:69,0
DA:70,0
DA:71,0
DA:72,0
DA:73,0
DA:74,0
DA:75,0
DA:76,0
LF:48
LH:0
end_of_record
SF:lib\features\weather\data\models\location_model.dart
DA:4,0
DA:13,0
DA:14,0
DA:15,0
DA:16,0
DA:17,0
DA:18,0
DA:19,0
DA:20,0
DA:24,0
DA:25,0
DA:26,0
DA:27,0
DA:28,0
DA:29,0
DA:30,0
DA:31,0
LF:17
LH:0
end_of_record
SF:lib\features\weather\data\datasources\weather_mock_data_source.dart
DA:5,0
DA:6,0
DA:7,0
DA:8,0
DA:9,0
DA:11,0
DA:12,0
DA:14,0
DA:15,0
DA:16,0
DA:17,0
DA:18,0
DA:19,0
DA:20,0
DA:21,0
DA:23,0
DA:24,0
DA:25,0
DA:32,0
DA:33,0
DA:34,0
DA:35,0
DA:36,0
DA:37,0
DA:38,0
DA:39,0
DA:44,0
DA:45,0
DA:54,0
DA:57,0
DA:58,0
DA:67,0
LF:32
LH:0
end_of_record
SF:lib\features\weather\data\models\forecast_model.dart
DA:5,0
DA:18,0
DA:19,0
DA:20,0
DA:21,0
DA:22,0
DA:23,0
DA:24,0
DA:25,0
DA:26,0
DA:27,0
DA:28,0
DA:29,0
DA:33,0
DA:34,0
DA:35,0
DA:36,0
DA:37,0
DA:38,0
DA:39,0
DA:40,0
DA:42,0
DA:43,0
LF:23
LH:0
end_of_record
SF:lib\features\weather\data\models\one_call_weather_model.dart
DA:15,0
DA:26,0
DA:27,0
DA:28,0
DA:29,0
DA:30,0
DA:31,0
DA:32,0
DA:34,0
DA:35,0
DA:36,0
DA:37,0
DA:39,0
DA:40,0
DA:41,0
DA:42,0
DA:44,0
DA:45,0
DA:46,0
DA:50,0
DA:51,0
DA:52,0
DA:53,0
DA:54,0
DA:55,0
DA:56,0
DA:57,0
DA:58,0
DA:59,0
DA:60,0
DA:61,0
DA:62,0
DA:63,0
DA:64,0
DA:65,0
DA:68,0
DA:69,0
DA:70,0
DA:74,0
DA:75,0
DA:78,0
DA:79,0
DA:100,0
DA:118,0
DA:119,0
DA:120,0
DA:121,0
DA:122,0
DA:123,0
DA:124,0
DA:125,0
DA:126,0
DA:127,0
DA:128,0
DA:129,0
DA:130,0
DA:131,0
DA:132,0
DA:133,0
DA:135,0
DA:136,0
DA:137,0
DA:138,0
DA:161,0
DA:180,0
DA:181,0
DA:182,0
DA:183,0
DA:184,0
DA:185,0
DA:186,0
DA:187,0
DA:188,0
DA:189,0
DA:190,0
DA:191,0
DA:192,0
DA:193,0
DA:194,0
DA:196,0
DA:197,0
DA:198,0
DA:199,0
DA:200,0
DA:201,0
DA:205,0
DA:206,0
DA:207,0
DA:208,0
DA:209,0
DA:210,0
DA:211,0
DA:212,0
DA:213,0
DA:214,0
DA:215,0
DA:216,0
DA:217,0
DA:218,0
DA:219,0
DA:220,0
DA:221,0
DA:222,0
DA:223,0
DA:224,0
DA:225,0
DA:226,0
DA:227,0
DA:228,0
DA:229,0
DA:234,0
DA:263,0
DA:287,0
DA:288,0
DA:289,0
DA:290,0
DA:291,0
DA:292,0
DA:293,0
DA:294,0
DA:295,0
DA:296,0
DA:297,0
DA:298,0
DA:299,0
DA:300,0
DA:301,0
DA:302,0
DA:303,0
DA:304,0
DA:305,0
DA:306,0
DA:307,0
DA:308,0
DA:310,0
DA:311,0
DA:312,0
DA:313,0
DA:317,0
DA:318,0
DA:319,0
DA:320,0
DA:321,0
DA:322,0
DA:323,0
DA:324,0
DA:325,0
DA:326,0
DA:327,0
DA:328,0
DA:329,0
DA:330,0
DA:331,0
DA:332,0
DA:333,0
DA:334,0
DA:335,0
DA:336,0
DA:337,0
DA:338,0
DA:340,0
DA:341,0
DA:342,0
DA:347,0
DA:361,0
DA:370,0
DA:371,0
DA:372,0
DA:373,0
DA:374,0
DA:375,0
DA:376,0
DA:377,0
DA:388,0
DA:395,0
DA:396,0
DA:397,0
DA:398,0
DA:399,0
DA:400,0
DA:411,0
DA:418,0
DA:419,0
DA:420,0
DA:421,0
DA:422,0
DA:423,0
DA:431,0
DA:433,0
DA:434,0
DA:441,0
DA:443,0
DA:444,0
DA:456,0
DA:465,0
DA:466,0
DA:467,0
DA:468,0
DA:469,0
DA:470,0
DA:471,0
DA:472,0
LF:202
LH:0
end_of_record
SF:lib\features\weather\domain\entities\forecast.dart
DA:4,1
LF:1
LH:1
end_of_record
SF:lib\features\weather\domain\entities\location.dart
DA:2,0
LF:1
LH:0
end_of_record
SF:lib\features\weather\domain\entities\weather.dart
DA:2,2
LF:1
LH:1
end_of_record
SF:lib\features\weather\domain\entities\hourly_forecast.dart
DA:14,0
LF:1
LH:0
end_of_record
SF:lib\main.dart
DA:10,0
DA:11,0
DA:14,0
DA:17,0
DA:20,0
DA:23,0
DA:25,0
DA:29,2
DA:31,1
DA:32,1
DA:39,0
DA:41,0
DA:42,0
DA:43,0
DA:44,0
DA:47,0
DA:49,0
DA:50,0
DA:53,0
DA:54,0
DA:55,0
DA:56,0
DA:57,0
DA:58,0
DA:60,0
DA:67,0
DA:69,0
DA:70,0
DA:73,0
DA:74,0
DA:75,0
DA:77,0
DA:78,0
DA:80,0
DA:86,0
DA:88,0
DA:91,0
DA:93,0
DA:94,0
DA:97,0
DA:107,0
DA:109,0
DA:110,0
DA:116,0
DA:117,0
DA:128,0
DA:131,0
DA:135,0
DA:136,0
DA:137,0
DA:149,0
DA:156,0
DA:157,0
DA:160,0
DA:162,0
LF:55
LH:3
end_of_record
SF:lib\features\auth\presentation\pages\login_page.dart
DA:7,0
DA:9,0
DA:10,0
DA:21,0
DA:23,0
DA:24,0
DA:27,0
DA:29,0
DA:30,0
DA:31,0
DA:32,0
DA:33,0
DA:36,0
DA:37,0
DA:38,0
DA:44,0
DA:45,0
DA:46,0
DA:47,0
DA:48,0
DA:49,0
DA:52,0
DA:53,0
DA:54,0
DA:55,0
DA:61,0
DA:63,0
DA:64,0
DA:66,0
DA:67,0
DA:68,0
DA:70,0
DA:71,0
DA:72,0
DA:74,0
DA:76,0
DA:77,0
DA:79,0
DA:82,0
DA:83,0
DA:84,0
DA:88,0
DA:89,0
DA:90,0
DA:95,0
DA:96,0
DA:104,0
DA:105,0
DA:111,0
DA:112,0
DA:115,0
DA:121,0
DA:122,0
DA:123,0
DA:124,0
DA:127,0
DA:128,0
DA:129,0
DA:133,0
DA:134,0
DA:135,0
DA:140,0
DA:141,0
DA:142,0
DA:145,0
DA:151,0
DA:153,0
DA:155,0
DA:156,0
DA:157,0
DA:158,0
DA:160,0
DA:161,0
DA:166,0
DA:167,0
DA:168,0
DA:169,0
DA:179,0
DA:181,0
DA:182,0
DA:186,0
DA:187,0
DA:188,0
DA:189,0
DA:192,0
DA:193,0
DA:198,0
DA:202,0
DA:204,0
DA:208,0
DA:210,0
DA:219,0
DA:220,0
DA:221,0
DA:222,0
DA:223,0
DA:225,0
LF:97
LH:0
end_of_record
SF:lib\core\services\settings_service.dart
DA:9,0
DA:12,0
DA:15,0
DA:19,0
DA:22,0
DA:30,0
DA:31,0
DA:35,0
DA:42,0
DA:43,0
DA:47,0
DA:49,0
DA:55,0
DA:61,0
DA:62,0
DA:63,0
DA:66,0
DA:67,0
DA:68,0
DA:69,0
DA:73,0
DA:79,0
DA:80,0
DA:81,0
DA:84,0
DA:85,0
DA:86,0
DA:87,0
DA:91,0
DA:96,0
DA:97,0
DA:98,0
DA:101,0
DA:105,0
DA:106,0
DA:107,0
DA:110,0
DA:114,0
DA:115,0
DA:116,0
DA:119,0
DA:123,0
DA:124,0
DA:125,0
DA:128,0
DA:132,0
DA:133,0
DA:134,0
DA:137,0
DA:144,0
DA:152,0
DA:153,0
DA:154,0
DA:157,0
DA:158,0
DA:159,0
DA:160,0
LF:57
LH:0
end_of_record
SF:lib\features\home\presentation\pages\home_page.dart
DA:13,1
DA:15,0
DA:16,0
DA:27,0
DA:29,0
DA:30,0
DA:31,0
DA:32,0
DA:34,0
DA:37,0
DA:40,0
DA:42,0
DA:43,0
DA:46,0
DA:49,0
DA:50,0
DA:51,0
DA:52,0
DA:54,0
DA:61,0
DA:70,0
DA:80,0
DA:81,0
DA:83,0
DA:85,0
DA:89,0
DA:91,0
DA:92,0
DA:93,0
DA:94,0
DA:95,0
DA:97,0
DA:101,0
DA:102,0
DA:103,0
DA:107,0
DA:111,0
DA:112,0
DA:113,0
DA:121,0
DA:123,0
DA:124,0
DA:125,0
DA:126,0
DA:127,0
DA:129,0
DA:133,0
DA:135,0
DA:139,0
DA:142,0
DA:144,0
DA:146,0
DA:149,0
DA:151,0
DA:152,0
DA:153,0
DA:160,0
DA:162,0
DA:163,0
DA:164,0
DA:165,0
DA:172,0
DA:173,0
DA:174,0
DA:178,0
DA:180,0
DA:182,0
DA:184,0
DA:185,0
DA:187,0
DA:194,0
DA:200,0
DA:201,0
DA:202,0
DA:207,0
DA:208,0
DA:210,0
DA:213,0
DA:215,0
DA:217,0
DA:218,0
DA:219,0
DA:220,0
DA:221,0
DA:223,0
DA:227,0
DA:233,0
DA:235,0
DA:237,0
DA:238,0
DA:240,0
DA:242,0
DA:243,0
DA:244,0
DA:246,0
DA:247,0
DA:248,0
DA:251,0
DA:260,0
DA:262,0
DA:271,0
DA:272,0
DA:273,0
DA:274,0
DA:275,0
DA:277,0
DA:290,0
DA:291,0
DA:292,0
DA:293,0
DA:306,0
DA:307,0
DA:309,0
DA:312,0
DA:314,0
DA:316,0
DA:317,0
DA:319,0
DA:323,0
DA:329,0
DA:330,0
DA:342,0
DA:343,0
DA:344,0
DA:345,0
LF:125
LH:1
end_of_record
SF:lib\features\weather\presentation\widgets\advanced_weather_card.dart
DA:9,0
DA:15,0
DA:16,0
DA:24,0
DA:26,0
DA:27,0
DA:28,0
DA:31,0
DA:33,0
DA:34,0
DA:35,0
DA:38,0
DA:39,0
DA:43,0
DA:44,0
DA:47,0
DA:51,0
DA:52,0
DA:55,0
DA:57,0
DA:59,0
DA:60,0
DA:63,0
DA:64,0
DA:67,0
DA:68,0
DA:69,0
DA:70,0
DA:72,0
DA:73,0
DA:74,0
DA:77,0
DA:79,0
DA:81,0
DA:83,0
DA:85,0
DA:86,0
DA:88,0
DA:90,0
DA:92,0
DA:94,0
DA:101,0
DA:104,0
DA:105,0
DA:106,0
DA:108,0
DA:121,0
DA:122,0
DA:123,0
DA:125,0
DA:127,0
DA:129,0
DA:130,0
DA:133,0
DA:134,0
DA:139,0
DA:140,0
DA:141,0
DA:146,0
DA:158,0
DA:159,0
DA:160,0
DA:162,0
DA:176,0
DA:177,0
DA:179,0
DA:180,0
DA:182,0
DA:183,0
DA:184,0
DA:185,0
DA:193,0
DA:194,0
DA:199,0
DA:200,0
DA:220,0
DA:221,0
DA:222,0
DA:223,0
DA:224,0
DA:226,0
DA:227,0
DA:228,0
DA:229,0
DA:230,0
DA:231,0
DA:241,0
DA:242,0
DA:245,0
DA:256,0
DA:257,0
DA:263,0
DA:264,0
DA:265,0
DA:266,0
DA:268,0
DA:270,0
DA:274,0
DA:276,0
DA:286,0
DA:287,0
DA:288,0
DA:289,0
DA:291,0
DA:292,0
DA:299,0
DA:300,0
DA:302,0
DA:305,0
DA:306,0
DA:307,0
DA:309,0
DA:313,0
DA:323,0
DA:324,0
DA:325,0
DA:326,0
DA:328,0
DA:329,0
DA:330,0
DA:331,0
DA:332,0
DA:333,0
DA:343,0
DA:344,0
DA:347,0
DA:358,0
DA:359,0
DA:363,0
DA:364,0
DA:370,0
DA:371,0
DA:372,0
DA:373,0
DA:375,0
DA:377,0
DA:381,0
DA:383,0
DA:393,0
DA:394,0
DA:395,0
DA:397,0
DA:399,0
DA:400,0
DA:401,0
DA:402,0
DA:416,0
DA:417,0
DA:419,0
DA:420,0
DA:421,0
DA:422,0
DA:423,0
DA:424,0
DA:430,0
DA:431,0
DA:442,0
DA:444,0
DA:447,0
DA:448,0
DA:449,0
DA:451,0
DA:453,0
DA:454,0
DA:456,0
DA:458,0
DA:459,0
DA:461,0
DA:462,0
DA:464,0
DA:465,0
DA:466,0
DA:467,0
DA:468,0
DA:469,0
DA:470,0
DA:474,0
DA:478,0
DA:493,0
DA:494,0
DA:495,0
DA:496,0
DA:499,0
DA:501,0
DA:502,0
DA:506,0
DA:516,0
DA:519,0
DA:523,0
DA:524,0
DA:527,0
DA:528,0
DA:529,0
DA:534,0
DA:538,0
DA:539,0
DA:540,0
DA:541,0
DA:542,0
DA:543,0
DA:544,0
DA:553,0
DA:554,0
DA:565,0
DA:567,0
DA:570,0
DA:571,0
DA:572,0
DA:574,0
DA:575,0
DA:577,0
DA:578,0
DA:580,0
DA:581,0
DA:582,0
DA:583,0
DA:584,0
DA:585,0
DA:586,0
DA:587,0
DA:588,0
DA:589,0
DA:593,0
DA:597,0
DA:609,0
DA:610,0
DA:613,0
DA:617,0
DA:627,0
DA:630,0
DA:634,0
DA:635,0
DA:638,0
DA:639,0
DA:640,0
DA:646,0
DA:647,0
DA:648,0
DA:649,0
DA:650,0
DA:651,0
DA:661,0
DA:662,0
DA:673,0
DA:675,0
DA:678,0
DA:679,0
DA:680,0
DA:682,0
DA:683,0
DA:685,0
DA:686,0
DA:688,0
DA:689,0
DA:690,0
DA:691,0
DA:692,0
DA:693,0
DA:695,0
DA:696,0
DA:697,0
DA:701,0
DA:705,0
DA:716,0
DA:717,0
DA:720,0
DA:724,0
DA:734,0
DA:737,0
DA:741,0
DA:742,0
DA:745,0
DA:746,0
DA:747,0
DA:753,0
DA:754,0
DA:755,0
DA:756,0
DA:757,0
DA:758,0
DA:768,0
DA:769,0
DA:773,0
DA:775,0
DA:785,0
DA:787,0
DA:789,0
DA:790,0
DA:791,0
DA:793,0
DA:794,0
DA:796,0
DA:797,0
DA:798,0
DA:799,0
DA:800,0
DA:803,0
DA:807,0
DA:809,0
DA:810,0
DA:815,0
DA:817,0
DA:818,0
DA:820,0
DA:830,0
DA:831,0
DA:834,0
DA:835,0
DA:843,0
DA:844,0
DA:845,0
DA:865,0
DA:875,0
DA:876,0
DA:879,0
DA:880,0
DA:882,0
DA:883,0
DA:886,0
DA:887,0
DA:888,0
DA:898,0
DA:899,0
DA:901,0
DA:902,0
DA:914,0
DA:931,0
DA:940,0
DA:942,0
DA:949,0
DA:951,0
DA:952,0
DA:955,0
DA:957,0
DA:958,0
DA:961,0
DA:963,0
DA:964,0
DA:967,0
DA:969,0
DA:971,0
DA:972,0
DA:973,0
DA:974,0
DA:977,0
DA:979,0
DA:980,0
DA:981,0
DA:982,0
DA:985,0
DA:986,0
DA:987,0
DA:990,0
DA:992,0
DA:993,0
DA:994,0
DA:995,0
DA:1000,0
DA:1001,0
DA:1002,0
DA:1003,0
DA:1005,0
DA:1006,0
DA:1007,0
DA:1015,0
DA:1016,0
DA:1020,0
DA:1022,0
DA:1023,0
DA:1026,0
DA:1027,0
DA:1029,0
DA:1032,0
DA:1034,0
DA:1036,0
DA:1038,0
DA:1041,0
DA:1042,0
DA:1043,0
DA:1047,0
DA:1056,0
DA:1079,0
DA:1087,0
DA:1089,0
DA:1092,0
DA:1093,0
DA:1094,0
DA:1095,0
DA:1096,0
DA:1097,0
DA:1100,0
DA:1101,0
DA:1102,0
DA:1104,0
DA:1105,0
DA:1107,0
DA:1110,0
DA:1113,0
DA:1116,0
DA:1117,0
DA:1118,0
DA:1119,0
DA:1120,0
DA:1122,0
DA:1127,0
DA:1128,0
DA:1131,0
DA:1134,0
DA:1135,0
DA:1136,0
DA:1138,0
DA:1139,0
DA:1140,0
DA:1145,0
DA:1147,0
DA:1148,0
DA:1149,0
DA:1150,0
DA:1151,0
DA:1154,0
DA:1155,0
DA:1156,0
DA:1157,0
DA:1158,0
DA:1161,0
DA:1163,0
DA:1164,0
DA:1165,0
DA:1166,0
DA:1167,0
DA:1170,0
DA:1171,0
DA:1172,0
DA:1173,0
DA:1174,0
DA:1178,0
DA:1179,0
DA:1183,0
DA:1184,0
DA:1187,0
DA:1190,0
DA:1194,0
DA:1195,0
DA:1196,0
DA:1198,0
DA:1199,0
DA:1200,0
DA:1201,0
DA:1203,0
DA:1205,0
DA:1208,0
DA:1212,0
DA:1213,0
DA:1214,0
DA:1215,0
DA:1216,0
DA:1219,0
DA:1220,0
DA:1221,0
DA:1223,0
DA:1232,0
DA:1233,0
DA:1237,0
DA:1238,0
DA:1239,0
DA:1241,0
DA:1246,0
DA:1247,0
DA:1249,0
DA:1255,0
DA:1257,0
DA:1258,0
DA:1259,0
DA:1260,0
DA:1268,0
DA:1273,0
DA:1275,0
DA:1278,0
DA:1279,0
DA:1280,0
DA:1281,0
DA:1282,0
DA:1283,0
DA:1286,0
DA:1287,0
DA:1288,0
DA:1290,0
DA:1291,0
DA:1293,0
DA:1295,0
DA:1297,0
DA:1300,0
DA:1301,0
DA:1302,0
DA:1303,0
DA:1305,0
DA:1306,0
DA:1309,0
DA:1310,0
DA:1313,0
DA:1316,0
DA:1317,0
DA:1318,0
DA:1320,0
DA:1321,0
DA:1322,0
DA:1327,0
DA:1328,0
DA:1329,0
DA:1330,0
DA:1331,0
DA:1332,0
DA:1334,0
DA:1335,0
DA:1336,0
DA:1337,0
DA:1338,0
DA:1341,0
DA:1342,0
DA:1343,0
DA:1344,0
DA:1345,0
DA:1346,0
DA:1348,0
DA:1349,0
DA:1350,0
DA:1351,0
DA:1352,0
DA:1355,0
DA:1356,0
DA:1360,0
DA:1361,0
DA:1364,0
DA:1367,0
DA:1371,0
DA:1372,0
DA:1373,0
DA:1375,0
DA:1376,0
DA:1377,0
DA:1379,0
DA:1380,0
DA:1382,0
DA:1385,0
DA:1389,0
DA:1390,0
DA:1391,0
DA:1392,0
DA:1393,0
DA:1396,0
DA:1397,0
DA:1398,0
DA:1400,0
DA:1409,0
DA:1410,0
DA:1413,0
DA:1414,0
DA:1416,0
DA:1421,0
DA:1422,0
DA:1424,0
DA:1430,0
DA:1432,0
DA:1433,0
DA:1441,0
DA:1443,0
DA:1445,0
DA:1448,0
DA:1449,0
DA:1450,0
DA:1451,0
DA:1452,0
DA:1453,0
DA:1456,0
DA:1457,0
DA:1458,0
DA:1460,0
DA:1461,0
DA:1463,0
DA:1465,0
DA:1467,0
DA:1470,0
DA:1471,0
DA:1472,0
DA:1473,0
DA:1475,0
DA:1477,0
DA:1478,0
DA:1481,0
DA:1484,0
DA:1485,0
DA:1486,0
DA:1488,0
DA:1489,0
DA:1490,0
DA:1495,0
DA:1496,0
DA:1497,0
DA:1498,0
DA:1499,0
DA:1500,0
DA:1502,0
DA:1503,0
DA:1504,0
DA:1505,0
DA:1506,0
DA:1509,0
DA:1510,0
DA:1511,0
DA:1512,0
DA:1513,0
DA:1514,0
DA:1516,0
DA:1517,0
DA:1518,0
DA:1519,0
DA:1520,0
DA:1523,0
DA:1524,0
DA:1528,0
DA:1529,0
DA:1532,0
DA:1535,0
DA:1539,0
DA:1540,0
DA:1541,0
DA:1543,0
DA:1544,0
DA:1545,0
DA:1547,0
DA:1548,0
DA:1551,0
DA:1555,0
DA:1556,0
DA:1557,0
DA:1558,0
DA:1559,0
DA:1562,0
DA:1563,0
DA:1564,0
DA:1565,0
DA:1574,0
DA:1575,0
DA:1578,0
DA:1579,0
DA:1581,0
DA:1586,0
DA:1587,0
DA:1589,0
DA:1595,0
DA:1597,0
DA:1598,0
LF:652
LH:0
end_of_record
SF:lib\features\weather\presentation\widgets\city_search_widget.dart
DA:10,0
DA:16,0
DA:17,0
DA:28,0
DA:30,0
DA:31,0
DA:32,0
DA:36,0
DA:38,0
DA:39,0
DA:40,0
DA:41,0
DA:44,0
DA:45,0
DA:47,0
DA:48,0
DA:49,0
DA:50,0
DA:51,0
DA:56,0
DA:57,0
DA:58,0
DA:62,0
DA:64,0
DA:67,0
DA:68,0
DA:69,0
DA:70,0
DA:74,0
DA:75,0
DA:76,0
DA:77,0
DA:84,0
DA:85,0
DA:86,0
DA:87,0
DA:89,0
DA:92,0
DA:94,0
DA:95,0
DA:97,0
DA:98,0
DA:99,0
DA:100,0
DA:102,0
DA:104,0
DA:105,0
DA:107,0
DA:108,0
DA:109,0
DA:111,0
DA:113,0
DA:114,0
DA:115,0
DA:116,0
DA:117,0
DA:132,0
DA:133,0
DA:134,0
DA:136,0
DA:137,0
DA:140,0
DA:151,0
DA:159,0
DA:162,0
DA:163,0
DA:164,0
DA:165,0
DA:171,0
DA:172,0
DA:178,0
DA:179,0
DA:182,0
DA:183,0
LF:74
LH:0
end_of_record
SF:lib\features\news\presentation\widgets\news_list.dart
DA:8,0
DA:10,0
DA:11,0
DA:15,0
DA:17,0
DA:18,0
DA:21,0
DA:23,0
DA:24,0
DA:27,0
DA:28,0
DA:31,0
DA:33,0
DA:35,0
DA:44,0
DA:45,0
DA:46,0
DA:48,0
DA:49,0
DA:52,0
DA:53,0
DA:58,0
DA:59,0
DA:60,0
DA:70,0
DA:71,0
DA:72,0
DA:81,0
DA:84,0
DA:85,0
DA:86,0
DA:87,0
DA:89,0
DA:91,0
DA:92,0
DA:93,0
DA:94,0
DA:95,0
DA:99,0
DA:100,0
DA:103,0
DA:104,0
DA:105,0
DA:112,0
DA:115,0
DA:116,0
DA:117,0
DA:121,0
DA:122,0
DA:127,0
DA:129,0
DA:131,0
DA:132,0
DA:138,0
DA:139,0
DA:140,0
DA:141,0
DA:148,0
DA:149,0
DA:159,0
DA:160,0
DA:162,0
DA:164,0
DA:165,0
DA:166,0
DA:176,0
DA:179,0
DA:181,0
DA:182,0
DA:204,0
DA:205,0
DA:206,0
DA:208,0
DA:209,0
DA:210,0
DA:211,0
DA:212,0
DA:213,0
LF:78
LH:0
end_of_record
SF:lib\features\settings\presentation\widgets\settings_page.dart
DA:13,0
DA:19,0
DA:20,0
DA:27,0
DA:29,0
DA:30,0
DA:33,0
DA:34,0
DA:35,0
DA:36,0
DA:37,0
DA:38,0
DA:39,0
DA:41,0
DA:42,0
DA:49,0
DA:60,0
DA:61,0
DA:62,0
DA:64,0
DA:66,0
DA:67,0
DA:69,0
DA:70,0
DA:71,0
DA:73,0
DA:74,0
DA:75,0
DA:76,0
DA:78,0
DA:79,0
DA:80,0
DA:81,0
DA:82,0
DA:83,0
DA:85,0
DA:86,0
DA:94,0
DA:95,0
DA:96,0
DA:98,0
DA:99,0
DA:102,0
DA:104,0
DA:106,0
DA:115,0
DA:116,0
DA:118,0
DA:120,0
DA:122,0
DA:124,0
DA:128,0
DA:130,0
DA:134,0
DA:136,0
DA:140,0
DA:142,0
DA:146,0
DA:148,0
DA:156,0
DA:157,0
DA:158,0
DA:160,0
DA:163,0
DA:165,0
DA:166,0
DA:168,0
DA:170,0
DA:180,0
DA:181,0
DA:182,0
DA:183,0
DA:187,0
DA:191,0
DA:192,0
DA:196,0
DA:200,0
DA:201,0
DA:205,0
DA:215,0
DA:221,0
DA:222,0
DA:223,0
DA:224,0
DA:226,0
DA:228,0
DA:229,0
DA:230,0
DA:231,0
DA:232,0
DA:236,0
DA:237,0
DA:238,0
DA:244,0
DA:246,0
DA:259,0
DA:260,0
DA:262,0
DA:265,0
DA:267,0
DA:268,0
DA:270,0
DA:272,0
DA:282,0
DA:284,0
DA:285,0
DA:286,0
DA:290,0
DA:294,0
DA:295,0
DA:305,0
DA:306,0
DA:316,0
DA:317,0
DA:320,0
DA:322,0
DA:323,0
DA:325,0
DA:327,0
DA:337,0
DA:338,0
DA:339,0
DA:340,0
DA:347,0
DA:348,0
DA:361,0
DA:362,0
DA:364,0
DA:365,0
DA:366,0
DA:367,0
DA:369,0
DA:370,0
DA:372,0
DA:374,0
DA:375,0
DA:376,0
DA:377,0
DA:378,0
DA:382,0
DA:383,0
DA:384,0
DA:390,0
DA:392,0
DA:405,0
DA:406,0
DA:409,0
DA:411,0
DA:412,0
DA:414,0
DA:416,0
DA:426,0
DA:427,0
DA:429,0
DA:430,0
DA:431,0
DA:432,0
DA:434,0
DA:435,0
DA:442,0
DA:443,0
DA:445,0
DA:446,0
DA:447,0
DA:454,0
DA:455,0
DA:464,0
DA:465,0
DA:471,0
DA:472,0
DA:474,0
DA:475,0
DA:476,0
DA:477,0
DA:491,0
DA:492,0
DA:494,0
DA:495,0
DA:497,0
DA:498,0
DA:500,0
DA:504,0
DA:505,0
DA:515,0
DA:516,0
DA:518,0
DA:519,0
DA:521,0
DA:524,0
DA:526,0
DA:527,0
DA:529,0
DA:531,0
DA:541,0
DA:542,0
DA:545,0
DA:547,0
DA:548,0
DA:556,0
DA:565,0
DA:567,0
DA:568,0
DA:569,0
DA:570,0
DA:590,0
DA:600,0
LF:206
LH:0
end_of_record
SF:lib\features\news\presentation\pages\article_detail_page.dart
DA:7,0
DA:9,0
DA:11,0
DA:12,0
DA:16,0
DA:17,0
DA:19,0
DA:21,0
DA:28,0
DA:30,0
DA:32,0
DA:34,0
DA:39,0
DA:40,0
DA:42,0
DA:44,0
DA:45,0
DA:48,0
DA:49,0
DA:53,0
DA:54,0
DA:57,0
DA:65,0
DA:67,0
DA:68,0
DA:70,0
DA:71,0
DA:72,0
DA:75,0
DA:77,0
DA:85,0
DA:88,0
DA:95,0
DA:98,0
DA:107,0
DA:109,0
DA:111,0
DA:113,0
DA:114,0
DA:115,0
DA:120,0
DA:122,0
DA:124,0
DA:125,0
DA:134,0
DA:135,0
DA:136,0
DA:139,0
DA:140,0
DA:141,0
DA:142,0
DA:143,0
DA:153,0
DA:154,0
DA:164,0
DA:165,0
DA:175,0
DA:184,0
DA:185,0
DA:192,0
DA:194,0
DA:195,0
DA:197,0
DA:198,0
DA:199,0
DA:200,0
DA:202,0
DA:209,0
DA:213,0
DA:214,0
DA:228,0
DA:229,0
DA:230,0
DA:232,0
DA:233,0
DA:234,0
DA:235,0
DA:236,0
DA:237,0
LF:79
LH:0
end_of_record
SF:lib\features\weather\data\services\openweather_geocoding_service.dart
DA:10,0
DA:11,0
DA:12,0
DA:16,0
DA:17,0
DA:18,0
DA:24,0
DA:26,0
DA:27,0
DA:28,0
DA:30,0
DA:31,0
DA:33,0
DA:34,0
DA:35,0
DA:36,0
DA:37,0
DA:38,0
DA:39,0
DA:49,0
DA:50,0
DA:53,0
DA:54,0
DA:59,0
DA:90,0
DA:94,0
DA:193,0
DA:194,0
DA:198,0
DA:202,0
DA:266,0
DA:267,0
DA:268,0
DA:270,0
DA:271,0
DA:272,0
DA:274,0
DA:275,0
DA:276,0
DA:278,0
DA:279,0
DA:280,0
DA:282,0
DA:283,0
DA:284,0
DA:286,0
DA:287,0
DA:288,0
DA:290,0
DA:291,0
DA:292,0
DA:295,0
DA:296,0
DA:297,0
DA:305,0
DA:306,0
DA:307,0
DA:308,0
LF:58
LH:0
end_of_record
